La génération a démarré 21/01/2016 14:45:41.
     1>Projet "C:\Users\Sven\Documents\GitHub\Composant\partageable\Composant1\Composant1.vcxproj" sur le nœud 2 (build cible(s)).
     1>InitializeBuildStatus:
         Création de "Debug\Composant1.unsuccessfulbuild", car "AlwaysCreate" a été spécifié.
       ClCompile:
         C:\Program Files\Microsoft Visual Studio 10.0\VC\bin\CL.exe /c /IC:\Users\Sven\Documents\GitHub\Composant\partageable\Interfaces /ZI /nologo /W3 /WX- /Od /Oy- /D COMPOSANT1_EXPORTS /D WIN32 /D _WINDOWS /D _DEBUG /D _USRDLL /D _WINDLL /D _UNICODE /D UNICODE /D _AFXDLL /Gm /EHsc /RTC1 /MDd /GS /fp:precise /Zc:wchar_t /Zc:forScope /Fo"Debug\\" /Fd"Debug\vc100.pdb" /Gd /TP /analyze- /errorReport:prompt Composant1.cpp
         Composant1.cpp
       ResourceCompile:
         Toutes les sorties sont à jour.
       ManifestResourceCompile:
         Toutes les sorties sont à jour.
       Link:
         C:\Program Files\Microsoft Visual Studio 10.0\VC\bin\link.exe /ERRORREPORT:PROMPT /OUT:"C:\Users\Sven\Documents\GitHub\Composant\partageable\Debug\Composant1.dll" /INCREMENTAL /NOLOGO /DEF:".\Composant1.def" /MANIFEST /ManifestFile:"Debug\Composant1.dll.intermediate.manifest" /MANIFESTUAC:"level='asInvoker' uiAccess='false'" /DEBUG /PDB:"C:\Users\Sven\Documents\GitHub\Composant\partageable\Debug\Composant1.pdb" /SUBSYSTEM:WINDOWS /TLBID:1 /DYNAMICBASE /NXCOMPAT /IMPLIB:"C:\Users\Sven\Documents\GitHub\Composant\partageable\Debug\Composant1.lib" /MACHINE:X86 /DLL Debug\Resource.res
         Debug\Composant1.dll.embed.manifest.res
         Debug\Composant1.obj
     1>Composant1.obj : error LNK2001: symbole externe non résolu "__declspec(dllimport) int __cdecl composant3(int,int)" (__imp_?composant3@@YAHHH@Z)
     1>C:\Users\Sven\Documents\GitHub\Composant\partageable\Debug\Composant1.dll : fatal error LNK1120: 1 externes non résolus
     1>Génération du projet "C:\Users\Sven\Documents\GitHub\Composant\partageable\Composant1\Composant1.vcxproj" terminée (build cible(s)) -- ÉCHEC.

ÉCHEC de la build.

Temps écoulé 00:00:00.79
